#
# There is insufficient memory for the Java Runtime Environment to continue.
# Native memory allocation (mmap) failed to map 266338304 bytes for G1 virtual space
# Possible reasons:
#   The system is out of physical RAM or swap space
#   The process is running with CompressedOops enabled, and the Java Heap may be blocking the growth of the native heap
# Possible solutions:
#   Reduce memory load on the system
#   Increase physical memory or swap space
#   Check if swap backing store is full
#   Decrease Java heap size (-Xmx/-Xms)
#   Decrease number of Java threads
#   Decrease Java thread stack sizes (-Xss)
#   Set larger code cache with -XX:ReservedCodeCacheSize=
#   JVM is running with Zero Based Compressed Oops mode in which the Java heap is
#     placed in the first 32GB address space. The Java Heap base address is the
#     maximum limit for the native heap growth. Please use -XX:HeapBaseMinAddress
#     to set the Java Heap base and to place the Java Heap above 32GB virtual address.
# This output file may be truncated or incomplete.
#
#  Out of Memory Error (os_windows.cpp:3527), pid=10372, tid=19444
#
# JRE version:  (19.0.1+10) (build )
# Java VM: OpenJDK 64-Bit Server VM (19.0.1+10-21, mixed mode, sharing, tiered, compressed oops, compressed class ptrs, g1 gc, windows-amd64)
# No core dump will be written. Minidumps are not enabled by default on client versions of Windows
#

---------------  S U M M A R Y ------------

Command Line: -Dmaven.multiModuleProjectDirectory=C:\Users\MSI\OneDrive\Bureau\stage-work\appfor -Dmaven.home=C:\Users\MSI\.m2\wrapper\dists\apache-maven-3.8.7-bin\1ktonn2lleg549uah6ngl1r74r\apache-maven-3.8.7 -Dclassworlds.conf=C:\Users\MSI\.m2\wrapper\dists\apache-maven-3.8.7-bin\1ktonn2lleg549uah6ngl1r74r\apache-maven-3.8.7\bin\m2.conf -Dmaven.ext.class.path=D:\JetBrains\IntelliJ IDEA 2022.1\plugins\maven\lib\maven-event-listener.jar -javaagent:D:\JetBrains\IntelliJ IDEA 2022.1\lib\idea_rt.jar=64856:D:\JetBrains\IntelliJ IDEA 2022.1\bin -Dfile.encoding=UTF-8 org.codehaus.classworlds.Launcher -Didea.version=2022.1.4 clean install

Host: Intel(R) Core(TM) i5-9300H CPU @ 2.40GHz, 8 cores, 15G,  Windows 10 , 64 bit Build 19041 (10.0.19041.3031)
Time: Wed Jul 12 14:40:52 2023 Afr. centrale Ouest elapsed time: 0.011445 seconds (0d 0h 0m 0s)

---------------  T H R E A D  ---------------

Current thread (0x0000023a279f1590):  JavaThread "Unknown thread" [_thread_in_vm, id=19444, stack(0x0000005289700000,0x0000005289800000)]

Stack: [0x0000005289700000,0x0000005289800000]
Native frames: (J=compiled Java code, j=interpreted, Vv=VM code, C=native code)
V  [jvm.dll+0x6ee8fa]
V  [jvm.dll+0x857a1e]
V  [jvm.dll+0x85940e]
V  [jvm.dll+0x859ac3]
V  [jvm.dll+0x28291f]
V  [jvm.dll+0x6eb6e9]
V  [jvm.dll+0x6e028a]
V  [jvm.dll+0x357136]
V  [jvm.dll+0x35eb96]
V  [jvm.dll+0x3b555e]
V  [jvm.dll+0x3b578f]
V  [jvm.dll+0x32c6ea]
V  [jvm.dll+0x32d59e]
V  [jvm.dll+0x821b20]
V  [jvm.dll+0x3c27c1]
V  [jvm.dll+0x8022f1]
V  [jvm.dll+0x44b30f]
V  [jvm.dll+0x44cc91]
C  [jli.dll+0x5287]
C  [ucrtbase.dll+0x21bb2]
C  [KERNEL32.DLL+0x17614]
C  [ntdll.dll+0x526f1]


---------------  P R O C E S S  ---------------

Threads class SMR info:
_java_thread_list=0x00007ff98982d048, length=0, elements={
}

Java Threads: ( => current thread )

Other Threads:
  0x0000023a27a62400 WorkerThread "GC Thread#0" [stack: 0x0000005289800000,0x0000005289900000] [id=1392]
  0x0000023a27a73290 ConcurrentGCThread "G1 Main Marker" [stack: 0x0000005289900000,0x0000005289a00000] [id=17584]
  0x0000023a27a74460 WorkerThread "G1 Conc#0" [stack: 0x0000005289a00000,0x0000005289b00000] [id=5888]

[error occurred during error reporting (printing all threads), id 0xc0000005, EXCEPTION_ACCESS_VIOLATION (0xc0000005) at pc=0x00007ff988fed127]

VM state: not at safepoint (not fully initialized)

VM Mutex/Monitor currently owned by a thread:  ([mutex/lock_event])
[0x0000023a279eae20] Heap_lock - owner thread: 0x0000023a279f1590

Heap address: 0x0000000702600000, size: 4058 MB, Compressed Oops mode: Zero based, Oop shift amount: 3

CDS archive(s) mapped at: [0x0000000000000000-0x0000000000000000-0x0000000000000000), size 0, SharedBaseAddress: 0x0000000800000000, ArchiveRelocationMode: 0.
Narrow klass base: 0x0000000000000000, Narrow klass shift: 0, Narrow klass range: 0x0

GC Precious Log:
 CardTable entry size: 512
 Card Set container configuration: InlinePtr #cards 4 size 8 Array Of Cards #cards 16 size 48 Howl #buckets 8 coarsen threshold 3686 Howl Bitmap #cards 512 size 80 coarsen threshold 460 Card regions per heap region 1 cards per card region 4096

Heap:
 garbage-first heap   total 0K, used 0K [0x0000000702600000, 0x0000000800000000)
  region size 2048K, 0 young (0K), 0 survivors (0K)

[error occurred during error reporting (printing heap information), id 0xc0000005, EXCEPTION_ACCESS_VIOLATION (0xc0000005) at pc=0x00007ff9893f6959]

GC Heap History (0 events):
No events

Dll operation events (1 events):
Event: 0.006 Loaded shared library C:\Users\MSI\.jdks\openjdk-19.0.1\bin\java.dll

Deoptimization events (0 events):
No events

Classes loaded (0 events):
No events

Classes unloaded (0 events):
No events

Classes redefined (0 events):
No events

Internal exceptions (0 events):
No events

VM Operations (0 events):
No events

Events (0 events):
No events


Dynamic libraries:
0x00007ff748610000 - 0x00007ff74861e000 	C:\Users\MSI\.jdks\openjdk-19.0.1\bin\java.exe
0x00007ff9d4c50000 - 0x00007ff9d4e48000 	C:\WINDOWS\SYSTEM32\ntdll.dll
0x00007ff9d3f80000 - 0x00007ff9d403f000 	C:\WINDOWS\System32\KERNEL32.DLL
0x00007ff9d25f0000 - 0x00007ff9d28e6000 	C:\WINDOWS\System32\KERNELBASE.dll
0x00007ff9d24f0000 - 0x00007ff9d25f0000 	C:\WINDOWS\System32\ucrtbase.dll
0x00007ff9a8f50000 - 0x00007ff9a8f67000 	C:\Users\MSI\.jdks\openjdk-19.0.1\bin\jli.dll
0x00007ff9a8ed0000 - 0x00007ff9a8eeb000 	C:\Users\MSI\.jdks\openjdk-19.0.1\bin\VCRUNTIME140.dll
0x00007ff9d4330000 - 0x00007ff9d44cd000 	C:\WINDOWS\System32\USER32.dll
0x00007ff9d2a10000 - 0x00007ff9d2a32000 	C:\WINDOWS\System32\win32u.dll
0x00007ff9b1a00000 - 0x00007ff9b1c9a000 	C:\WINDOWS\WinSxS\amd64_microsoft.windows.common-controls_6595b64144ccf1df_6.0.19041.1110_none_60b5254171f9507e\COMCTL32.dll
0x00007ff9d3060000 - 0x00007ff9d308c000 	C:\WINDOWS\System32\GDI32.dll
0x00007ff9d28f0000 - 0x00007ff9d2a05000 	C:\WINDOWS\System32\gdi32full.dll
0x00007ff9d4b40000 - 0x00007ff9d4bde000 	C:\WINDOWS\System32\msvcrt.dll
0x00007ff9d2450000 - 0x00007ff9d24ed000 	C:\WINDOWS\System32\msvcp_win.dll
0x00007ff9d3090000 - 0x00007ff9d30c0000 	C:\WINDOWS\System32\IMM32.DLL
0x00007ff9be9d0000 - 0x00007ff9be9dc000 	C:\Users\MSI\.jdks\openjdk-19.0.1\bin\vcruntime140_1.dll
0x00007ff98f300000 - 0x00007ff98f38e000 	C:\Users\MSI\.jdks\openjdk-19.0.1\bin\msvcp140.dll
0x00007ff988cb0000 - 0x00007ff989970000 	C:\Users\MSI\.jdks\openjdk-19.0.1\bin\server\jvm.dll
0x00007ff9d4560000 - 0x00007ff9d460f000 	C:\WINDOWS\System32\ADVAPI32.dll
0x00007ff9d30d0000 - 0x00007ff9d316c000 	C:\WINDOWS\System32\sechost.dll
0x00007ff9d3a40000 - 0x00007ff9d3b66000 	C:\WINDOWS\System32\RPCRT4.dll
0x00007ff9ccc30000 - 0x00007ff9ccc39000 	C:\WINDOWS\SYSTEM32\WSOCK32.dll
0x00007ff9cc190000 - 0x00007ff9cc19a000 	C:\WINDOWS\SYSTEM32\VERSION.dll
0x00007ff9b8e80000 - 0x00007ff9b8ea7000 	C:\WINDOWS\SYSTEM32\WINMM.dll
0x00007ff9d3d30000 - 0x00007ff9d3d9b000 	C:\WINDOWS\System32\WS2_32.dll
0x00007ff9d0090000 - 0x00007ff9d00a2000 	C:\WINDOWS\SYSTEM32\kernel.appcore.dll
0x00007ff9affa0000 - 0x00007ff9affaa000 	C:\Users\MSI\.jdks\openjdk-19.0.1\bin\jimage.dll
0x00007ff9bcf30000 - 0x00007ff9bd114000 	C:\WINDOWS\SYSTEM32\DBGHELP.DLL
0x00007ff9b8b90000 - 0x00007ff9b8bc4000 	C:\WINDOWS\SYSTEM32\dbgcore.DLL
0x00007ff9d2bf0000 - 0x00007ff9d2c72000 	C:\WINDOWS\System32\bcryptPrimitives.dll
0x00007ff9ac800000 - 0x00007ff9ac80e000 	C:\Users\MSI\.jdks\openjdk-19.0.1\bin\instrument.dll
0x00007ff99ac90000 - 0x00007ff99acb6000 	C:\Users\MSI\.jdks\openjdk-19.0.1\bin\java.dll

dbghelp: loaded successfully - version: 4.0.5 - missing functions: none
symbol engine: initialized successfully - sym options: 0x614 - pdb path: .;C:\Users\MSI\.jdks\openjdk-19.0.1\bin;C:\WINDOWS\SYSTEM32;C:\WINDOWS\WinSxS\amd64_microsoft.windows.common-controls_6595b64144ccf1df_6.0.19041.1110_none_60b5254171f9507e;C:\Users\MSI\.jdks\openjdk-19.0.1\bin\server

VM Arguments:
jvm_args: -Dmaven.multiModuleProjectDirectory=C:\Users\MSI\OneDrive\Bureau\stage-work\appfor -Dmaven.home=C:\Users\MSI\.m2\wrapper\dists\apache-maven-3.8.7-bin\1ktonn2lleg549uah6ngl1r74r\apache-maven-3.8.7 -Dclassworlds.conf=C:\Users\MSI\.m2\wrapper\dists\apache-maven-3.8.7-bin\1ktonn2lleg549uah6ngl1r74r\apache-maven-3.8.7\bin\m2.conf -Dmaven.ext.class.path=D:\JetBrains\IntelliJ IDEA 2022.1\plugins\maven\lib\maven-event-listener.jar -javaagent:D:\JetBrains\IntelliJ IDEA 2022.1\lib\idea_rt.jar=64856:D:\JetBrains\IntelliJ IDEA 2022.1\bin -Dfile.encoding=UTF-8 
java_command: org.codehaus.classworlds.Launcher -Didea.version=2022.1.4 clean install
java_class_path (initial): C:\Users\MSI\.m2\wrapper\dists\apache-maven-3.8.7-bin\1ktonn2lleg549uah6ngl1r74r\apache-maven-3.8.7\boot\plexus-classworlds-2.6.0.jar;C:\Users\MSI\.m2\wrapper\dists\apache-maven-3.8.7-bin\1ktonn2lleg549uah6ngl1r74r\apache-maven-3.8.7\boot\plexus-classworlds.license
Launcher Type: SUN_STANDARD

[Global flags]
     intx CICompilerCount                          = 4                                         {product} {ergonomic}
     uint ConcGCThreads                            = 2                                         {product} {ergonomic}
     uint G1ConcRefinementThreads                  = 8                                         {product} {ergonomic}
   size_t G1HeapRegionSize                         = 2097152                                   {product} {ergonomic}
    uintx GCDrainStackTargetSize                   = 64                                        {product} {ergonomic}
   size_t InitialHeapSize                          = 266338304                                 {product} {ergonomic}
   size_t MarkStackSize                            = 4194304                                   {product} {ergonomic}
   size_t MaxHeapSize                              = 4255121408                                {product} {ergonomic}
   size_t MinHeapDeltaBytes                        = 2097152                                   {product} {ergonomic}
   size_t MinHeapSize                              = 8388608                                   {product} {ergonomic}
    uintx NonNMethodCodeHeapSize                   = 5839372                                {pd product} {ergonomic}
    uintx NonProfiledCodeHeapSize                  = 122909434                              {pd product} {ergonomic}
    uintx ProfiledCodeHeapSize                     = 122909434                              {pd product} {ergonomic}
    uintx ReservedCodeCacheSize                    = 251658240                              {pd product} {ergonomic}
     bool SegmentedCodeCache                       = true                                      {product} {ergonomic}
   size_t SoftMaxHeapSize                          = 4255121408                             {manageable} {ergonomic}
     bool UseCompressedClassPointers               = true                           {product lp64_product} {ergonomic}
     bool UseCompressedOops                        = true                           {product lp64_product} {ergonomic}
     bool UseG1GC                                  = true                                      {product} {ergonomic}
     bool UseLargePagesIndividualAllocation        = false                                  {pd product} {ergonomic}

Logging:
Log output configuration:
 #0: stdout all=warning uptime,level,tags foldmultilines=false
 #1: stderr all=off uptime,level,tags foldmultilines=false

Environment Variables:
JAVA_HOME=C:\Program Files\Java\jdk-11
PATH=C:\Program Files\Common Files\Oracle\Java\javapath;C:\Program Files\BellSoft\LibericaJDK-8\bin\;C:\Program Files\NVIDIA GPU Computing Toolkit\CUDA\v11.3\bin;C:\Program Files\NVIDIA GPU Computing Toolkit\CUDA\v11.3\libnvvp;C:\Program Files (x86)\VMware\VMware Workstation\bin\;D:\app\MSI\product\18.0.0\dbhomeXE\bin;C:\Python310\Scripts\;C:\Python310\;C:\WINDOWS\System32;C:\Program Files\MySQL\MySQL Server 8.0\bin;C:\Program Files\nodejs\;C:\ProgramData\chocolatey\bin;C:\Program Files\dotnet\;C:\Program Files\NVIDIA Corporation\NVIDIA NvDLISR;C:\Program Files (x86)\dotnet\;C:\Program Files\Git\cmd;C:\Program Files\Microsoft SQL Server\150\Tools\Binn\;C:\Program Files\Docker\Docker\resources\bin;C:\Program Files\Java\jdk-11\bin;C:\Users\MSI\AppData\Local\Programs\Python\Python311\Scripts\;C:\Users\MSI\AppData\Local\Programs\Python\Python311\;C:\WINDOWS\System32;C:\Program Files\MySQL\MySQL Server 8.0\bin;C:\Program Files\JetBrains\WebStorm 2022.1\bin;;C:\Users\MSI\AppData\Roaming\npm;D:\Microsoft VS Code\bin;C:\Python310;C:\Python310\Scripts
USERNAME=MSI
OS=Windows_NT
PROCESSOR_IDENTIFIER=Intel64 Family 6 Model 158 Stepping 10, GenuineIntel
TMP=C:\Users\MSI\AppData\Local\Temp
TEMP=C:\Users\MSI\AppData\Local\Temp



---------------  S Y S T E M  ---------------

OS:
 Windows 10 , 64 bit Build 19041 (10.0.19041.3031)
OS uptime: 0 days 1:28 hours
Hyper-V role detected

CPU: total 8 (initial active 8) (4 cores per cpu, 2 threads per core) family 6 model 158 stepping 10 microcode 0xb4, cx8, cmov, fxsr, ht, mmx, 3dnowpref, sse, sse2, sse3, ssse3, sse4.1, sse4.2, popcnt, lzcnt, tsc, tscinvbit, avx, avx2, aes, erms, clmul, bmi1, bmi2, adx, fma, vzeroupper, clflush, clflushopt, hv, rdtscp

Memory: 4k page, system-wide physical 16224M (658M free)
TotalPageFile size 21747M (AvailPageFile size 97M)
current process WorkingSet (physical memory assigned to process): 10M, peak: 11M
current process commit charge ("private bytes"): 60M, peak: 314M

vm_info: OpenJDK 64-Bit Server VM (19.0.1+10-21) for windows-amd64 JRE (19.0.1+10-21), built on 2022-09-14T12:45:06Z by "mach5one" with MS VC++ 17.1 (VS2022)

END.
